2025-11-23 20:36:56,190 [trainer.py] => config: exps/seed_c100.json
2025-11-23 20:36:56,192 [trainer.py] => prefix: reproduce
2025-11-23 20:36:56,192 [trainer.py] => dataset: cifar100
2025-11-23 20:36:56,192 [trainer.py] => memory_size: 0
2025-11-23 20:36:56,192 [trainer.py] => memory_per_class: 0
2025-11-23 20:36:56,192 [trainer.py] => fixed_memory: False
2025-11-23 20:36:56,192 [trainer.py] => shuffle: True
2025-11-23 20:36:56,192 [trainer.py] => init_cls: 10
2025-11-23 20:36:56,192 [trainer.py] => increment: 10
2025-11-23 20:36:56,192 [trainer.py] => model_name: seed
2025-11-23 20:36:56,192 [trainer.py] => backbone_type: resnet32_seed
2025-11-23 20:36:56,192 [trainer.py] => device: [device(type='cuda', index=0)]
2025-11-23 20:36:56,192 [trainer.py] => seed: 0
2025-11-23 20:36:56,192 [trainer.py] => batch_size: 128
2025-11-23 20:36:56,192 [trainer.py] => num_workers: 4
2025-11-23 20:36:56,192 [trainer.py] => seed_nepochs: 100
2025-11-23 20:36:56,192 [trainer.py] => seed_ftepochs: 30
2025-11-23 20:36:56,192 [trainer.py] => seed_lr: 0.05
2025-11-23 20:36:56,192 [trainer.py] => seed_lr_min: 0.0001
2025-11-23 20:36:56,192 [trainer.py] => seed_lr_factor: 3
2025-11-23 20:36:56,192 [trainer.py] => seed_lr_patience: 5
2025-11-23 20:36:56,192 [trainer.py] => seed_clipgrad: 10000
2025-11-23 20:36:56,193 [trainer.py] => seed_momentum: 0.9
2025-11-23 20:36:56,193 [trainer.py] => seed_weight_decay: 0.0
2025-11-23 20:36:56,193 [trainer.py] => seed_ft_weight_decay: 0.0
2025-11-23 20:36:56,193 [trainer.py] => seed_max_experts: 5
2025-11-23 20:36:56,193 [trainer.py] => seed_gmms: 1
2025-11-23 20:36:56,193 [trainer.py] => seed_alpha: 0.99
2025-11-23 20:36:56,193 [trainer.py] => seed_tau: 3.0
2025-11-23 20:36:56,193 [trainer.py] => seed_shared: 0
2025-11-23 20:36:56,193 [trainer.py] => seed_use_multivariate: True
2025-11-23 20:36:56,193 [trainer.py] => seed_use_nmc: False
2025-11-23 20:36:56,193 [trainer.py] => seed_init_strategy: first
2025-11-23 20:36:56,193 [trainer.py] => seed_compensate_drifts: False
2025-11-23 20:36:59,224 [data_manager.py] => [26, 86, 2, 55, 75, 93, 16, 73, 54, 95, 53, 92, 78, 13, 7, 30, 22, 24, 33, 8, 43, 62, 3, 71, 45, 48, 6, 99, 82, 76, 60, 80, 90, 68, 51, 27, 18, 56, 63, 74, 1, 61, 42, 41, 4, 15, 17, 40, 38, 5, 91, 59, 0, 34, 28, 50, 11, 35, 23, 52, 10, 31, 66, 57, 79, 85, 32, 84, 14, 89, 19, 29, 49, 97, 98, 69, 20, 94, 72, 77, 25, 37, 81, 46, 39, 65, 58, 12, 88, 70, 87, 36, 21, 83, 9, 96, 67, 64, 47, 44]
2025-11-23 20:37:00,845 [trainer.py] => All params: 0
2025-11-23 20:37:00,845 [trainer.py] => Trainable params: 0
2025-11-23 20:40:16,718 [trainer.py] => No NME accuracy.
2025-11-23 20:40:16,719 [trainer.py] => CNN: {'total': 75.6, 'task-0': 75.6, 'loss': 0.0}
2025-11-23 20:40:16,719 [trainer.py] => CNN top1 curve: [75.6]
2025-11-23 20:40:16,719 [trainer.py] => CNN top5 curve: [75.6]

2025-11-23 20:40:16,719 [trainer.py] => Average Accuracy (CNN): 75.6 

2025-11-23 20:40:16,720 [trainer.py] => All params: 466256
2025-11-23 20:40:16,720 [trainer.py] => Trainable params: 466256
2025-11-23 20:43:25,003 [trainer.py] => No NME accuracy.
2025-11-23 20:43:25,003 [trainer.py] => CNN: {'total': 66.7, 'task-1': 66.7, 'loss': 0.0}
2025-11-23 20:43:25,003 [trainer.py] => CNN top1 curve: [75.6, 66.7]
2025-11-23 20:43:25,003 [trainer.py] => CNN top5 curve: [75.6, 66.7]

2025-11-23 20:43:25,003 [trainer.py] => Average Accuracy (CNN): 71.15 

2025-11-23 20:43:25,004 [trainer.py] => All params: 932512
2025-11-23 20:43:25,005 [trainer.py] => Trainable params: 932512
2025-11-23 20:46:38,912 [trainer.py] => No NME accuracy.
2025-11-23 20:46:38,912 [trainer.py] => CNN: {'total': 63.97, 'task-2': 63.97, 'loss': 0.0}
2025-11-23 20:46:38,912 [trainer.py] => CNN top1 curve: [75.6, 66.7, 63.97]
2025-11-23 20:46:38,912 [trainer.py] => CNN top5 curve: [75.6, 66.7, 63.97]

2025-11-23 20:46:38,912 [trainer.py] => Average Accuracy (CNN): 68.75666666666667 

2025-11-23 20:46:38,914 [trainer.py] => All params: 1398768
2025-11-23 20:46:38,916 [trainer.py] => Trainable params: 1398768
2025-11-23 20:50:13,040 [trainer.py] => No NME accuracy.
2025-11-23 20:50:13,093 [trainer.py] => CNN: {'total': 62.1, 'task-3': 62.1, 'loss': 0.0}
2025-11-23 20:50:13,103 [trainer.py] => CNN top1 curve: [75.6, 66.7, 63.97, 62.1]
2025-11-23 20:50:13,103 [trainer.py] => CNN top5 curve: [75.6, 66.7, 63.97, 62.1]

2025-11-23 20:50:13,103 [trainer.py] => Average Accuracy (CNN): 67.0925 

2025-11-23 20:50:13,119 [trainer.py] => All params: 1865024
2025-11-23 20:50:13,120 [trainer.py] => Trainable params: 1865024
2025-11-23 20:53:57,337 [trainer.py] => No NME accuracy.
2025-11-23 20:53:57,340 [trainer.py] => CNN: {'total': 59.9, 'task-4': 59.9, 'loss': 0.0}
2025-11-23 20:53:57,341 [trainer.py] => CNN top1 curve: [75.6, 66.7, 63.97, 62.1, 59.9]
2025-11-23 20:53:57,341 [trainer.py] => CNN top5 curve: [75.6, 66.7, 63.97, 62.1, 59.9]

2025-11-23 20:53:57,341 [trainer.py] => Average Accuracy (CNN): 65.654 

2025-11-23 20:53:57,342 [trainer.py] => All params: 2331280
2025-11-23 20:53:57,344 [trainer.py] => Trainable params: 2331280
2025-11-23 20:55:53,772 [trainer.py] => No NME accuracy.
2025-11-23 20:55:53,773 [trainer.py] => CNN: {'total': 58.17, 'task-5': 58.17, 'loss': 0.0}
2025-11-23 20:55:53,773 [trainer.py] => CNN top1 curve: [75.6, 66.7, 63.97, 62.1, 59.9, 58.17]
2025-11-23 20:55:53,773 [trainer.py] => CNN top5 curve: [75.6, 66.7, 63.97, 62.1, 59.9, 58.17]

2025-11-23 20:55:53,773 [trainer.py] => Average Accuracy (CNN): 64.40666666666667 

2025-11-23 20:55:53,775 [trainer.py] => All params: 2331280
2025-11-23 20:55:53,776 [trainer.py] => Trainable params: 2331280
2025-11-23 20:57:57,892 [trainer.py] => No NME accuracy.
2025-11-23 20:57:57,892 [trainer.py] => CNN: {'total': 55.01, 'task-6': 55.01, 'loss': 0.0}
2025-11-23 20:57:57,892 [trainer.py] => CNN top1 curve: [75.6, 66.7, 63.97, 62.1, 59.9, 58.17, 55.01]
2025-11-23 20:57:57,892 [trainer.py] => CNN top5 curve: [75.6, 66.7, 63.97, 62.1, 59.9, 58.17, 55.01]

2025-11-23 20:57:57,892 [trainer.py] => Average Accuracy (CNN): 63.06428571428571 

2025-11-23 20:57:57,894 [trainer.py] => All params: 2331280
2025-11-23 20:57:57,895 [trainer.py] => Trainable params: 2331280
2025-11-23 21:00:13,508 [trainer.py] => No NME accuracy.
2025-11-23 21:00:13,509 [trainer.py] => CNN: {'total': 52.85, 'task-7': 52.85, 'loss': 0.0}
2025-11-23 21:00:13,509 [trainer.py] => CNN top1 curve: [75.6, 66.7, 63.97, 62.1, 59.9, 58.17, 55.01, 52.85]
2025-11-23 21:00:13,509 [trainer.py] => CNN top5 curve: [75.6, 66.7, 63.97, 62.1, 59.9, 58.17, 55.01, 52.85]

2025-11-23 21:00:13,509 [trainer.py] => Average Accuracy (CNN): 61.7875 

2025-11-23 21:00:13,513 [trainer.py] => All params: 2331280
2025-11-23 21:00:13,515 [trainer.py] => Trainable params: 2331280
2025-11-23 21:02:38,397 [trainer.py] => No NME accuracy.
2025-11-23 21:02:38,402 [trainer.py] => CNN: {'total': 50.92, 'task-8': 50.92, 'loss': 0.0}
2025-11-23 21:02:38,402 [trainer.py] => CNN top1 curve: [75.6, 66.7, 63.97, 62.1, 59.9, 58.17, 55.01, 52.85, 50.92]
2025-11-23 21:02:38,402 [trainer.py] => CNN top5 curve: [75.6, 66.7, 63.97, 62.1, 59.9, 58.17, 55.01, 52.85, 50.92]

2025-11-23 21:02:38,403 [trainer.py] => Average Accuracy (CNN): 60.580000000000005 

2025-11-23 21:02:38,404 [trainer.py] => All params: 2331280
2025-11-23 21:02:38,405 [trainer.py] => Trainable params: 2331280
2025-11-23 21:05:13,737 [trainer.py] => No NME accuracy.
2025-11-23 21:05:13,738 [trainer.py] => CNN: {'total': 48.75, 'task-9': 48.75, 'loss': 0.0}
2025-11-23 21:05:13,738 [trainer.py] => CNN top1 curve: [75.6, 66.7, 63.97, 62.1, 59.9, 58.17, 55.01, 52.85, 50.92, 48.75]
2025-11-23 21:05:13,738 [trainer.py] => CNN top5 curve: [75.6, 66.7, 63.97, 62.1, 59.9, 58.17, 55.01, 52.85, 50.92, 48.75]

2025-11-23 21:05:13,739 [trainer.py] => Average Accuracy (CNN): 59.397000000000006 

