2025-11-23 12:24:32,880 [trainer.py] => config: exps/finetune.json
2025-11-23 12:24:32,881 [trainer.py] => prefix: reproduce
2025-11-23 12:24:32,881 [trainer.py] => dataset: cifar224
2025-11-23 12:24:32,881 [trainer.py] => memory_size: 0
2025-11-23 12:24:32,881 [trainer.py] => memory_per_class: 0
2025-11-23 12:24:32,881 [trainer.py] => fixed_memory: False
2025-11-23 12:24:32,881 [trainer.py] => shuffle: True
2025-11-23 12:24:32,882 [trainer.py] => init_cls: 10
2025-11-23 12:24:32,882 [trainer.py] => increment: 10
2025-11-23 12:24:32,882 [trainer.py] => model_name: finetune
2025-11-23 12:24:32,882 [trainer.py] => backbone_type: vit_base_patch16_224
2025-11-23 12:24:32,882 [trainer.py] => device: [device(type='cuda', index=0)]
2025-11-23 12:24:32,882 [trainer.py] => seed: 1993
2025-11-23 12:24:32,882 [trainer.py] => init_epoch: 20
2025-11-23 12:24:32,882 [trainer.py] => init_lr: 0.001
2025-11-23 12:24:32,882 [trainer.py] => init_milestones: [60, 120, 170]
2025-11-23 12:24:32,882 [trainer.py] => init_lr_decay: 0.1
2025-11-23 12:24:32,882 [trainer.py] => init_weight_decay: 0.0005
2025-11-23 12:24:32,882 [trainer.py] => epochs: 20
2025-11-23 12:24:32,882 [trainer.py] => lrate: 0.001
2025-11-23 12:24:32,882 [trainer.py] => milestones: [40, 70]
2025-11-23 12:24:32,882 [trainer.py] => lrate_decay: 0.1
2025-11-23 12:24:32,882 [trainer.py] => batch_size: 128
2025-11-23 12:24:32,882 [trainer.py] => weight_decay: 0.0002
2025-11-23 12:24:35,123 [data_manager.py] => [68, 56, 78, 8, 23, 84, 90, 65, 74, 76, 40, 89, 3, 92, 55, 9, 26, 80, 43, 38, 58, 70, 77, 1, 85, 19, 17, 50, 28, 53, 13, 81, 45, 82, 6, 59, 83, 16, 15, 44, 91, 41, 72, 60, 79, 52, 20, 10, 31, 54, 37, 95, 14, 71, 96, 98, 97, 2, 64, 66, 42, 22, 35, 86, 24, 34, 87, 21, 99, 0, 88, 27, 18, 94, 11, 12, 47, 25, 30, 46, 62, 69, 36, 61, 7, 63, 75, 5, 32, 4, 51, 48, 73, 93, 39, 67, 29, 49, 57, 33]
2025-11-23 12:24:37,570 [_builder.py] => Loading pretrained weights from Hugging Face hub (timm/vit_base_patch16_224.augreg2_in21k_ft_in1k)
2025-11-23 12:24:38,148 [_hub.py] => [timm/vit_base_patch16_224.augreg2_in21k_ft_in1k] Safe alternative available for 'pytorch_model.bin' (as 'model.safetensors'). Loading weights using safetensors.
2025-11-23 12:24:38,548 [trainer.py] => All params: 85798656
2025-11-23 12:24:38,549 [trainer.py] => Trainable params: 85798656
2025-11-23 12:24:38,549 [finetune.py] => Learning on 0-10
2025-11-23 12:38:30,566 [finetune.py] => Task 0, Epoch 20/20 => Loss 0.180, Train_accy 93.80
2025-11-23 12:38:34,171 [trainer.py] => No NME accuracy.
2025-11-23 12:38:34,175 [trainer.py] => CNN: {'total': np.float64(98.5), '00-09': np.float64(98.5), 'old': 0, 'new': np.float64(98.5)}
2025-11-23 12:38:34,175 [trainer.py] => CNN top1 curve: [np.float64(98.5)]
2025-11-23 12:38:34,175 [trainer.py] => CNN top5 curve: [np.float64(100.0)]

2025-11-23 12:38:34,177 [trainer.py] => Average Accuracy (CNN): 98.5 

2025-11-23 12:38:34,178 [trainer.py] => All params: 85806346
2025-11-23 12:38:34,179 [trainer.py] => Trainable params: 85806346
2025-11-23 12:38:34,196 [finetune.py] => Learning on 10-20
2025-11-23 12:51:51,600 [finetune.py] => Task 1, Epoch 20/20 => Loss 0.197, Train_accy 92.36
2025-11-23 12:51:57,627 [trainer.py] => No NME accuracy.
2025-11-23 12:51:57,631 [trainer.py] => CNN: {'total': np.float64(92.6), '00-09': np.float64(88.1), '10-19': np.float64(97.1), 'old': np.float64(88.1), 'new': np.float64(97.1)}
2025-11-23 12:51:57,631 [trainer.py] => CNN top1 curve: [np.float64(98.5), np.float64(92.6)]
2025-11-23 12:51:57,631 [trainer.py] => CNN top5 curve: [np.float64(100.0), np.float64(99.4)]

2025-11-23 12:51:57,632 [trainer.py] => Average Accuracy (CNN): 95.55 

2025-11-23 12:51:57,633 [trainer.py] => All params: 85814036
2025-11-23 12:51:57,633 [trainer.py] => Trainable params: 85814036
2025-11-23 12:51:57,636 [finetune.py] => Learning on 20-30
2025-11-23 13:05:18,758 [finetune.py] => Task 2, Epoch 20/20 => Loss 0.137, Train_accy 92.84
2025-11-23 13:05:27,518 [trainer.py] => No NME accuracy.
2025-11-23 13:05:27,520 [trainer.py] => CNN: {'total': np.float64(86.83), '00-09': np.float64(78.1), '10-19': np.float64(83.6), '20-29': np.float64(98.8), 'old': np.float64(80.85), 'new': np.float64(98.8)}
2025-11-23 13:05:27,521 [trainer.py] => CNN top1 curve: [np.float64(98.5), np.float64(92.6), np.float64(86.83)]
2025-11-23 13:05:27,521 [trainer.py] => CNN top5 curve: [np.float64(100.0), np.float64(99.4), np.float64(99.0)]

2025-11-23 13:05:27,522 [trainer.py] => Average Accuracy (CNN): 92.64333333333333 

2025-11-23 13:05:27,523 [trainer.py] => All params: 85821726
2025-11-23 13:05:27,525 [trainer.py] => Trainable params: 85821726
2025-11-23 13:05:27,534 [finetune.py] => Learning on 30-40
2025-11-23 13:19:16,181 [finetune.py] => Task 3, Epoch 20/20 => Loss 0.136, Train_accy 91.62
2025-11-23 13:19:27,629 [trainer.py] => No NME accuracy.
2025-11-23 13:19:27,632 [trainer.py] => CNN: {'total': np.float64(82.92), '00-09': np.float64(65.3), '10-19': np.float64(77.7), '20-29': np.float64(91.6), '30-39': np.float64(97.1), 'old': np.float64(78.2), 'new': np.float64(97.1)}
2025-11-23 13:19:27,632 [trainer.py] => CNN top1 curve: [np.float64(98.5), np.float64(92.6), np.float64(86.83), np.float64(82.92)]
2025-11-23 13:19:27,632 [trainer.py] => CNN top5 curve: [np.float64(100.0), np.float64(99.4), np.float64(99.0), np.float64(98.58)]

2025-11-23 13:19:27,632 [trainer.py] => Average Accuracy (CNN): 90.2125 

2025-11-23 13:19:27,633 [trainer.py] => All params: 85829416
2025-11-23 13:19:27,634 [trainer.py] => Trainable params: 85829416
2025-11-23 13:19:27,636 [finetune.py] => Learning on 40-50
2025-11-23 13:33:25,889 [finetune.py] => Task 4, Epoch 20/20 => Loss 0.124, Train_accy 89.84
2025-11-23 13:33:40,343 [trainer.py] => No NME accuracy.
2025-11-23 13:33:40,344 [trainer.py] => CNN: {'total': np.float64(80.56), '00-09': np.float64(63.3), '10-19': np.float64(71.8), '20-29': np.float64(86.4), '30-39': np.float64(86.1), '40-49': np.float64(95.2), 'old': np.float64(76.9), 'new': np.float64(95.2)}
2025-11-23 13:33:40,344 [trainer.py] => CNN top1 curve: [np.float64(98.5), np.float64(92.6), np.float64(86.83), np.float64(82.92), np.float64(80.56)]
2025-11-23 13:33:40,344 [trainer.py] => CNN top5 curve: [np.float64(100.0), np.float64(99.4), np.float64(99.0), np.float64(98.58), np.float64(98.04)]

2025-11-23 13:33:40,345 [trainer.py] => Average Accuracy (CNN): 88.28200000000001 

2025-11-23 13:33:40,345 [trainer.py] => All params: 85837106
2025-11-23 13:33:40,346 [trainer.py] => Trainable params: 85837106
2025-11-23 13:33:40,350 [finetune.py] => Learning on 50-60
2025-11-23 13:47:55,596 [finetune.py] => Task 5, Epoch 20/20 => Loss 0.129, Train_accy 90.52
2025-11-23 13:48:12,361 [trainer.py] => No NME accuracy.
2025-11-23 13:48:12,365 [trainer.py] => CNN: {'total': np.float64(76.12), '00-09': np.float64(53.2), '10-19': np.float64(76.9), '20-29': np.float64(73.6), '30-39': np.float64(75.2), '40-49': np.float64(82.3), '50-59': np.float64(95.5), 'old': np.float64(72.24), 'new': np.float64(95.5)}
2025-11-23 13:48:12,365 [trainer.py] => CNN top1 curve: [np.float64(98.5), np.float64(92.6), np.float64(86.83), np.float64(82.92), np.float64(80.56), np.float64(76.12)]
2025-11-23 13:48:12,365 [trainer.py] => CNN top5 curve: [np.float64(100.0), np.float64(99.4), np.float64(99.0), np.float64(98.58), np.float64(98.04), np.float64(97.55)]

2025-11-23 13:48:12,366 [trainer.py] => Average Accuracy (CNN): 86.255 

2025-11-23 13:48:12,367 [trainer.py] => All params: 85844796
2025-11-23 13:48:12,368 [trainer.py] => Trainable params: 85844796
2025-11-23 13:48:12,372 [finetune.py] => Learning on 60-70
2025-11-23 14:02:27,671 [finetune.py] => Task 6, Epoch 20/20 => Loss 0.112, Train_accy 87.36
2025-11-23 14:02:46,626 [trainer.py] => No NME accuracy.
2025-11-23 14:02:46,629 [trainer.py] => CNN: {'total': np.float64(74.34), '00-09': np.float64(49.8), '10-19': np.float64(66.0), '20-29': np.float64(74.4), '30-39': np.float64(73.0), '40-49': np.float64(77.5), '50-59': np.float64(85.3), '60-69': np.float64(94.4), 'old': np.float64(71.0), 'new': np.float64(94.4)}
2025-11-23 14:02:46,629 [trainer.py] => CNN top1 curve: [np.float64(98.5), np.float64(92.6), np.float64(86.83), np.float64(82.92), np.float64(80.56), np.float64(76.12), np.float64(74.34)]
2025-11-23 14:02:46,629 [trainer.py] => CNN top5 curve: [np.float64(100.0), np.float64(99.4), np.float64(99.0), np.float64(98.58), np.float64(98.04), np.float64(97.55), np.float64(96.49)]

2025-11-23 14:02:46,631 [trainer.py] => Average Accuracy (CNN): 84.55285714285715 

2025-11-23 14:02:46,632 [trainer.py] => All params: 85852486
2025-11-23 14:02:46,633 [trainer.py] => Trainable params: 85852486
2025-11-23 14:02:46,639 [finetune.py] => Learning on 70-80
2025-11-23 14:17:03,932 [finetune.py] => Task 7, Epoch 20/20 => Loss 0.137, Train_accy 87.80
2025-11-23 14:17:26,059 [trainer.py] => No NME accuracy.
2025-11-23 14:17:26,061 [trainer.py] => CNN: {'total': np.float64(69.84), '00-09': np.float64(42.5), '10-19': np.float64(61.4), '20-29': np.float64(76.3), '30-39': np.float64(63.9), '40-49': np.float64(74.0), '50-59': np.float64(65.1), '60-69': np.float64(80.0), '70-79': np.float64(95.5), 'old': np.float64(66.17), 'new': np.float64(95.5)}
2025-11-23 14:17:26,061 [trainer.py] => CNN top1 curve: [np.float64(98.5), np.float64(92.6), np.float64(86.83), np.float64(82.92), np.float64(80.56), np.float64(76.12), np.float64(74.34), np.float64(69.84)]
2025-11-23 14:17:26,061 [trainer.py] => CNN top5 curve: [np.float64(100.0), np.float64(99.4), np.float64(99.0), np.float64(98.58), np.float64(98.04), np.float64(97.55), np.float64(96.49), np.float64(95.44)]

2025-11-23 14:17:26,061 [trainer.py] => Average Accuracy (CNN): 82.71375 

2025-11-23 14:17:26,062 [trainer.py] => All params: 85860176
2025-11-23 14:17:26,063 [trainer.py] => Trainable params: 85860176
2025-11-23 14:17:26,068 [finetune.py] => Learning on 80-90
2025-11-23 14:32:04,951 [finetune.py] => Task 8, Epoch 20/20 => Loss 0.122, Train_accy 87.70
2025-11-23 14:32:29,485 [trainer.py] => No NME accuracy.
2025-11-23 14:32:29,487 [trainer.py] => CNN: {'total': np.float64(67.41), '00-09': np.float64(40.4), '10-19': np.float64(60.6), '20-29': np.float64(69.6), '30-39': np.float64(56.0), '40-49': np.float64(66.0), '50-59': np.float64(66.1), '60-69': np.float64(73.3), '70-79': np.float64(80.2), '80-89': np.float64(94.5), 'old': np.float64(64.03), 'new': np.float64(94.5)}
2025-11-23 14:32:29,487 [trainer.py] => CNN top1 curve: [np.float64(98.5), np.float64(92.6), np.float64(86.83), np.float64(82.92), np.float64(80.56), np.float64(76.12), np.float64(74.34), np.float64(69.84), np.float64(67.41)]
2025-11-23 14:32:29,487 [trainer.py] => CNN top5 curve: [np.float64(100.0), np.float64(99.4), np.float64(99.0), np.float64(98.58), np.float64(98.04), np.float64(97.55), np.float64(96.49), np.float64(95.44), np.float64(93.74)]

2025-11-23 14:32:29,487 [trainer.py] => Average Accuracy (CNN): 81.01333333333334 

2025-11-23 14:32:29,488 [trainer.py] => All params: 85867866
2025-11-23 14:32:29,488 [trainer.py] => Trainable params: 85867866
2025-11-23 14:32:29,492 [finetune.py] => Learning on 90-100
2025-11-23 14:47:23,131 [finetune.py] => Task 9, Epoch 20/20 => Loss 0.186, Train_accy 88.76
2025-11-23 14:47:50,276 [trainer.py] => No NME accuracy.
2025-11-23 14:47:50,279 [trainer.py] => CNN: {'total': np.float64(64.49), '00-09': np.float64(32.1), '10-19': np.float64(55.3), '20-29': np.float64(67.8), '30-39': np.float64(55.8), '40-49': np.float64(63.5), '50-59': np.float64(55.4), '60-69': np.float64(67.5), '70-79': np.float64(70.7), '80-89': np.float64(83.7), '90-99': np.float64(93.1), 'old': np.float64(61.31), 'new': np.float64(93.1)}
2025-11-23 14:47:50,279 [trainer.py] => CNN top1 curve: [np.float64(98.5), np.float64(92.6), np.float64(86.83), np.float64(82.92), np.float64(80.56), np.float64(76.12), np.float64(74.34), np.float64(69.84), np.float64(67.41), np.float64(64.49)]
2025-11-23 14:47:50,279 [trainer.py] => CNN top5 curve: [np.float64(100.0), np.float64(99.4), np.float64(99.0), np.float64(98.58), np.float64(98.04), np.float64(97.55), np.float64(96.49), np.float64(95.44), np.float64(93.74), np.float64(92.87)]

2025-11-23 14:47:50,280 [trainer.py] => Average Accuracy (CNN): 79.361 

